<?xml version="1.0" encoding="UTF-8"?>
<!-- Generated by org.testng.reporters.JUnitReportReporter -->
<testsuite skipped="0" hostname="DESKTOP-RN62EUK" name="com.bdtech.com.MultiWindow" tests="1" failures="0" timestamp="17 Sep 2019 16:28:29 GMT" time="0.065" errors="0">
  <testcase name="WindowTest" time="0.065" classname="com.bdtech.com.MultiWindow"/>
</testsuite> <!-- com.bdtech.com.MultiWindow -->
