<?xml version="1.0" encoding="UTF-8"?>
<!-- Generated by org.testng.reporters.JUnitReportReporter -->
<testsuite skipped="0" hostname="DESKTOP-RN62EUK" name="com.bdtech.com.DataProviderDemo" tests="4" failures="0" timestamp="18 Oct 2019 03:04:43 GMT" time="42.789" errors="0">
  <testcase name="TestDataProvider" time="9.690" classname="com.bdtech.com.DataProviderDemo"/>
  <testcase name="TestDataProvider" time="10.686" classname="com.bdtech.com.DataProviderDemo"/>
  <testcase name="TestDataProvider" time="9.347" classname="com.bdtech.com.DataProviderDemo"/>
  <testcase name="TestDataProvider" time="13.066" classname="com.bdtech.com.DataProviderDemo"/>
</testsuite> <!-- com.bdtech.com.DataProviderDemo -->
