<?xml version="1.0" encoding="UTF-8"?>
<!-- Generated by org.testng.reporters.JUnitReportReporter -->
<testsuite skipped="0" hostname="DESKTOP-RN62EUK" name="failtestcases.Test2" tests="1" failures="0" timestamp="29 Jul 2019 22:25:43 GMT" time="0.001" errors="0">
  <testcase name="Tw" time="0.001" classname="failtestcases.Test2"/>
</testsuite> <!-- failtestcases.Test2 -->
